<?xml version="1.0" encoding="UTF-8"?>
<testng-results skipped="0" failed="0" ignored="0" total="1" passed="1">
  <reporter-output>
  </reporter-output>
  <suite name="Default suite" duration-ms="28567" started-at="2017-12-11T06:29:47Z" finished-at="2017-12-11T06:30:15Z">
    <groups>
    </groups>
    <test name="Default test" duration-ms="28567" started-at="2017-12-11T06:29:47Z" finished-at="2017-12-11T06:30:15Z">
      <class name="automationFramework.TestNG.TestNG01">
        <test-method status="PASS" signature="setUp()[pri:0, instance:automationFramework.TestNG.TestNG01@a3ffec]" name="setUp" is-config="true" duration-ms="4491" started-at="2017-12-11T13:29:47Z" finished-at="2017-12-11T13:29:51Z">
          <reporter-output>
          </reporter-output>
        </test-method> <!-- setUp -->
        <test-method status="PASS" signature="testCase01(java.lang.String, java.lang.String)[pri:0, instance:automationFramework.TestNG.TestNG01@a3ffec]" name="testCase01" duration-ms="23261" started-at="2017-12-11T13:29:51Z" data-provider="testData" finished-at="2017-12-11T13:30:14Z">
          <params>
            <param index="0">
              <value>
                <![CDATA[longpolk@gmail.com]]>
              </value>
            </param>
            <param index="1">
              <value>
                <![CDATA[Marvel2409@]]>
              </value>
            </param>
          </params>
          <reporter-output>
          </reporter-output>
        </test-method> <!-- testCase01 -->
        <test-method status="PASS" signature="tearDown()[pri:0, instance:automationFramework.TestNG.TestNG01@a3ffec]" name="tearDown" is-config="true" duration-ms="734" started-at="2017-12-11T13:30:14Z" finished-at="2017-12-11T13:30:15Z">
          <reporter-output>
          </reporter-output>
        </test-method> <!-- tearDown -->
      </class> <!-- automationFramework.TestNG.TestNG01 -->
    </test> <!-- Default test -->
  </suite> <!-- Default suite -->
</testng-results>
